
11月 14, 2015 07:25:41.32 NEW SESSION
11月 14, 2015 07:25:41.32 [4892:416:1114/072541:ERROR:ipc_channel_win.cc(194)] pipe error: 109

11月 21, 2015 14:26:50.63 NEW SESSION
11月 21, 2015 14:26:50.63 [27836:13200:1121/142650:ERROR:cache_util_win.cc(20)] Unable to move the cache: 0
11月 21, 2015 14:26:50.63 [27836:13200:1121/142650:ERROR:cache_util.cc(132)] Unable to move cache folder C:\Users\jinfeng\AppData\Local\Google\Chrome\User Data\ShaderCache\GPUCache to C:\Users\jinfeng\AppData\Local\Google\Chrome\User Data\ShaderCache\old_GPUCache_000
11月 21, 2015 14:26:50.63 [27836:13200:1121/142650:ERROR:cache_creator.cc(132)] Unable to create cache
11月 21, 2015 14:26:50.63 [27836:13200:1121/142650:ERROR:shader_disk_cache.cc(588)] Shader Cache Creation failed: -2

11月 26, 2015 20:56:53.42 NEW SESSION
11月 26, 2015 20:56:53.42 [4756:5284:1126/205653:ERROR:ipc_channel_win.cc(485)] pipe error: 232
11月 26, 2015 20:56:53.50 [4756:5284:1126/205653:ERROR:ipc_channel_win.cc(485)] pipe error: 232
11月 26, 2015 20:56:53.50 [4756:5284:1126/205653:ERROR:ipc_channel_win.cc(485)] pipe error: 232

12月 01, 2015 17:40:36.54 NEW SESSION
12月 01, 2015 17:40:36.54 [5936:1188:1201/174036:ERROR:CONSOLE(0)] "Unchecked runtime.lastError while running pageAction.show: No tab with id: 2.
12月 01, 2015 17:40:36.55     at checkForValidUrl (chrome-extension://dbfmnekepjoapopniengjbcpnbljalfg/js/main.js:1:163)", source: chrome-extension://dbfmnekepjoapopniengjbcpnbljalfg/index.html (0)
12月 01, 2015 18:48:31.39 [6512:5360:1201/184831:ERROR:ssl_client_socket_openssl.cc(1077)] handshake failed; returned -1, SSL error code 1, net_error -101

12月 22, 2015 16:09:38.50 NEW SESSION
12月 22, 2015 16:09:38.50 [3924:3400:1222/160938:ERROR:gpu_process_transport_factory.cc(620)] Lost UI shared context.

12月 23, 2015 11:35:04.54 NEW SESSION
12月 23, 2015 11:35:04.54 [5976:6636:1223/113504:ERROR:CONSOLE(0)] "null", source: undefined (0)
12月 23, 2015 12:45:13.23 [5976:6800:1223/124513:ERROR:network_interfaces_win.cc(253)] GetAdaptersAddresses failed: 111
12月 23, 2015 12:45:13.24 [5976:2660:1223/124513:ERROR:network_interfaces_win.cc(253)] GetAdaptersAddresses failed: 111
12月 23, 2015 15:18:00.40 [7108:520:1223/151800:ERROR:CONSOLE(1394)] "TypeError: Cannot read property '_setChildrenPayload' of undefined TypeError: Cannot read property '_setChildrenPayload' of undefined
12月 23, 2015 15:18:00.42     at Object.WebInspector.DOMModel._setChildNodes (chrome-devtools://devtools/bundled/inspector.js:4948:46)
12月 23, 2015 15:18:00.42     at Object.WebInspector.DOMDispatcher.setChildNodes (chrome-devtools://devtools/bundled/inspector.js:5031:17)
12月 23, 2015 15:18:00.42     at Object.InspectorBackendClass.DispatcherPrototype.dispatch (chrome-devtools://devtools/bundled/inspector.js:3971:63)
12月 23, 2015 15:18:00.42     at Object.InspectorBackendClass.Connection.dispatch (chrome-devtools://devtools/bundled/inspector.js:3882:31)
12月 23, 2015 15:18:00.42     at Object.InspectorBackendClass.MainConnection._dispatchMessage (chrome-devtools://devtools/bundled/inspector.js:3903:7)
12月 23, 2015 15:18:00.42     at Object.WebInspector.Object.dispatchEventToListeners (chrome-devtools://devtools/bundled/inspector.js:750:185)
12月 23, 2015 15:18:00.42     at innerDispatch (chrome-devtools://devtools/bundled/inspector.js:1394:58)
12月 23, 2015 15:18:00.42     at Object.InspectorFrontendAPIImpl._dispatch (chrome-devtools://devtools/bundled/inspector.js:1393:1)
12月 23, 2015 15:18:00.42     at Object.DevToolsAPIImpl._dispatchOnInspectorFrontendAPI (<anonymous>:61:21)
12月 23, 2015 15:18:00.42     at Object.DevToolsAPIImpl.dispatchMessage (<anonymous>:128:14)", source: chrome-devtools://devtools/bundled/inspector.js (1394)
12月 23, 2015 15:18:00.42 [7108:520:1223/151800:ERROR:CONSOLE(1394)] "TypeError: Cannot read property '_setChildrenPayload' of undefined TypeError: Cannot read property '_setChildrenPayload' of undefined
12月 23, 2015 15:18:00.42     at Object.WebInspector.DOMModel._setChildNodes (chrome-devtools://devtools/bundled/inspector.js:4948:46)
12月 23, 2015 15:18:00.42     at Object.WebInspector.DOMDispatcher.setChildNodes (chrome-devtools://devtools/bundled/inspector.js:5031:17)
12月 23, 2015 15:18:00.43     at Object.InspectorBackendClass.DispatcherPrototype.dispatch (chrome-devtools://devtools/bundled/inspector.js:3971:63)
12月 23, 2015 15:18:00.43     at Object.InspectorBackendClass.Connection.dispatch (chrome-devtools://devtools/bundled/inspector.js:3882:31)
12月 23, 2015 15:18:00.43     at Object.InspectorBackendClass.MainConnection._dispatchMessage (chrome-devtools://devtools/bundled/inspector.js:3903:7)
12月 23, 2015 15:18:00.43     at Object.WebInspector.Object.dispatchEventToListeners (chrome-devtools://devtools/bundled/inspector.js:750:185)
12月 23, 2015 15:18:00.43     at innerDispatch (chrome-devtools://devtools/bundled/inspector.js:1394:58)
12月 23, 2015 15:18:00.43     at Object.InspectorFrontendAPIImpl._dispatch (chrome-devtools://devtools/bundled/inspector.js:1393:1)
12月 23, 2015 15:18:00.43     at Object.DevToolsAPIImpl._dispatchOnInspectorFrontendAPI (<anonymous>:61:21)
12月 23, 2015 15:18:00.43     at Object.DevToolsAPIImpl.dispatchMessage (<anonymous>:128:14)", source: chrome-devtools://devtools/bundled/inspector.js (1394)
12月 23, 2015 15:18:00.43 [7108:520:1223/151800:ERROR:CONSOLE(1394)] "TypeError: Cannot read property '_setChildrenPayload' of undefined TypeError: Cannot read property '_setChildrenPayload' of undefined
12月 23, 2015 15:18:00.43     at Object.WebInspector.DOMModel._setChildNodes (chrome-devtools://devtools/bundled/inspector.js:4948:46)
12月 23, 2015 15:18:00.43     at Object.WebInspector.DOMDispatcher.setChildNodes (chrome-devtools://devtools/bundled/inspector.js:5031:17)
12月 23, 2015 15:18:00.43     at Object.InspectorBackendClass.DispatcherPrototype.dispatch (chrome-devtools://devtools/bundled/inspector.js:3971:63)
12月 23, 2015 15:18:00.43     at Object.InspectorBackendClass.Connection.dispatch (chrome-devtools://devtools/bundled/inspector.js:3882:31)
12月 23, 2015 15:18:00.43     at Object.InspectorBackendClass.MainConnection._dispatchMessage (chrome-devtools://devtools/bundled/inspector.js:3903:7)
12月 23, 2015 15:18:00.43     at Object.WebInspector.Object.dispatchEventToListeners (chrome-devtools://devtools/bundled/inspector.js:750:185)
12月 23, 2015 15:18:00.43     at innerDispatch (chrome-devtools://devtools/bundled/inspector.js:1394:58)
12月 23, 2015 15:18:00.43     at Object.InspectorFrontendAPIImpl._dispatch (chrome-devtools://devtools/bundled/inspector.js:1393:1)
12月 23, 2015 15:18:00.43     at Object.DevToolsAPIImpl._dispatchOnInspectorFrontendAPI (<anonymous>:61:21)
12月 23, 2015 15:18:00.43     at Object.DevToolsAPIImpl.dispatchMessage (<anonymous>:128:14)", source: chrome-devtools://devtools/bundled/inspector.js (1394)
12月 23, 2015 15:18:00.44 [7108:520:1223/151800:ERROR:CONSOLE(1394)] "TypeError: Cannot read property '_setChildrenPayload' of undefined TypeError: Cannot read property '_setChildrenPayload' of undefined
12月 23, 2015 15:18:00.44     at Object.WebInspector.DOMModel._setChildNodes (chrome-devtools://devtools/bundled/inspector.js:4948:46)
12月 23, 2015 15:18:00.44     at Object.WebInspector.DOMDispatcher.setChildNodes (chrome-devtools://devtools/bundled/inspector.js:5031:17)
12月 23, 2015 15:18:00.44     at Object.InspectorBackendClass.DispatcherPrototype.dispatch (chrome-devtools://devtools/bundled/inspector.js:3971:63)
12月 23, 2015 15:18:00.44     at Object.InspectorBackendClass.Connection.dispatch (chrome-devtools://devtools/bundled/inspector.js:3882:31)
12月 23, 2015 15:18:00.44     at Object.InspectorBackendClass.MainConnection._dispatchMessage (chrome-devtools://devtools/bundled/inspector.js:3903:7)
12月 23, 2015 15:18:00.44     at Object.WebInspector.Object.dispatchEventToListeners (chrome-devtools://devtools/bundled/inspector.js:750:185)
12月 23, 2015 15:18:00.44     at innerDispatch (chrome-devtools://devtools/bundled/inspector.js:1394:58)
12月 23, 2015 15:18:00.44     at Object.InspectorFrontendAPIImpl._dispatch (chrome-devtools://devtools/bundled/inspector.js:1393:1)
12月 23, 2015 15:18:00.44     at Object.DevToolsAPIImpl._dispatchOnInspectorFrontendAPI (<anonymous>:61:21)
12月 23, 2015 15:18:00.44     at Object.DevToolsAPIImpl.dispatchMessage (<anonymous>:128:14)", source: chrome-devtools://devtools/bundled/inspector.js (1394)
12月 23, 2015 15:18:00.44 [7108:520:1223/151800:ERROR:CONSOLE(1394)] "TypeError: Cannot read property '_setChildrenPayload' of undefined TypeError: Cannot read property '_setChildrenPayload' of undefined
12月 23, 2015 15:18:00.44     at Object.WebInspector.DOMModel._setChildNodes (chrome-devtools://devtools/bundled/inspector.js:4948:46)
12月 23, 2015 15:18:00.44     at Object.WebInspector.DOMDispatcher.setChildNodes (chrome-devtools://devtools/bundled/inspector.js:5031:17)
12月 23, 2015 15:18:00.44     at Object.InspectorBackendClass.DispatcherPrototype.dispatch (chrome-devtools://devtools/bundled/inspector.js:3971:63)
12月 23, 2015 15:18:00.44     at Object.InspectorBackendClass.Connection.dispatch (chrome-devtools://devtools/bundled/inspector.js:3882:31)
12月 23, 2015 15:18:00.44     at Object.InspectorBackendClass.MainConnection._dispatchMessage (chrome-devtools://devtools/bundled/inspector.js:3903:7)
12月 23, 2015 15:18:00.44     at Object.WebInspector.Object.dispatchEventToListeners (chrome-devtools://devtools/bundled/inspector.js:750:185)
12月 23, 2015 15:18:00.44     at innerDispatch (chrome-devtools://devtools/bundled/inspector.js:1394:58)
12月 23, 2015 15:18:00.44     at Object.InspectorFrontendAPIImpl._dispatch (chrome-devtools://devtools/bundled/inspector.js:1393:1)
12月 23, 2015 15:18:00.44     at Object.DevToolsAPIImpl._dispatchOnInspectorFrontendAPI (<anonymous>:61:21)
12月 23, 2015 15:18:00.44     at Object.DevToolsAPIImpl.dispatchMessage (<anonymous>:128:14)", source: chrome-devtools://devtools/bundled/inspector.js (1394)
12月 23, 2015 15:18:00.44 [7108:520:1223/151800:ERROR:CONSOLE(1394)] "TypeError: Cannot read property '_setChildrenPayload' of undefined TypeError: Cannot read property '_setChildrenPayload' of undefined
12月 23, 2015 15:18:00.45     at Object.WebInspector.DOMModel._setChildNodes (chrome-devtools://devtools/bundled/inspector.js:4948:46)
12月 23, 2015 15:18:00.45     at Object.WebInspector.DOMDispatcher.setChildNodes (chrome-devtools://devtools/bundled/inspector.js:5031:17)
12月 23, 2015 15:18:00.45     at Object.InspectorBackendClass.DispatcherPrototype.dispatch (chrome-devtools://devtools/bundled/inspector.js:3971:63)
12月 23, 2015 15:18:00.45     at Object.InspectorBackendClass.Connection.dispatch (chrome-devtools://devtools/bundled/inspector.js:3882:31)
12月 23, 2015 15:18:00.45     at Object.InspectorBackendClass.MainConnection._dispatchMessage (chrome-devtools://devtools/bundled/inspector.js:3903:7)
12月 23, 2015 15:18:00.45     at Object.WebInspector.Object.dispatchEventToListeners (chrome-devtools://devtools/bundled/inspector.js:750:185)
12月 23, 2015 15:18:00.45     at innerDispatch (chrome-devtools://devtools/bundled/inspector.js:1394:58)
12月 23, 2015 15:18:00.46     at Object.InspectorFrontendAPIImpl._dispatch (chrome-devtools://devtools/bundled/inspector.js:1393:1)
12月 23, 2015 15:18:00.46     at Object.DevToolsAPIImpl._dispatchOnInspectorFrontendAPI (<anonymous>:61:21)
12月 23, 2015 15:18:00.46     at Object.DevToolsAPIImpl.dispatchMessage (<anonymous>:128:14)", source: chrome-devtools://devtools/bundled/inspector.js (1394)
12月 23, 2015 15:18:00.46 [7108:520:1223/151800:ERROR:CONSOLE(1394)] "TypeError: Cannot read property '_setChildrenPayload' of undefined TypeError: Cannot read property '_setChildrenPayload' of undefined
12月 23, 2015 15:18:00.46     at Object.WebInspector.DOMModel._setChildNodes (chrome-devtools://devtools/bundled/inspector.js:4948:46)
12月 23, 2015 15:18:00.46     at Object.WebInspector.DOMDispatcher.setChildNodes (chrome-devtools://devtools/bundled/inspector.js:5031:17)
12月 23, 2015 15:18:00.47     at Object.InspectorBackendClass.DispatcherPrototype.dispatch (chrome-devtools://devtools/bundled/inspector.js:3971:63)
12月 23, 2015 15:18:00.47     at Object.InspectorBackendClass.Connection.dispatch (chrome-devtools://devtools/bundled/inspector.js:3882:31)
12月 23, 2015 15:18:00.47     at Object.InspectorBackendClass.MainConnection._dispatchMessage (chrome-devtools://devtools/bundled/inspector.js:3903:7)
12月 23, 2015 15:18:00.47     at Object.WebInspector.Object.dispatchEventToListeners (chrome-devtools://devtools/bundled/inspector.js:750:185)
12月 23, 2015 15:18:00.47     at innerDispatch (chrome-devtools://devtools/bundled/inspector.js:1394:58)
12月 23, 2015 15:18:00.47     at Object.InspectorFrontendAPIImpl._dispatch (chrome-devtools://devtools/bundled/inspector.js:1393:1)
12月 23, 2015 15:18:00.47     at Object.DevToolsAPIImpl._dispatchOnInspectorFrontendAPI (<anonymous>:61:21)
12月 23, 2015 15:18:00.47     at Object.DevToolsAPIImpl.dispatchMessage (<anonymous>:128:14)", source: chrome-devtools://devtools/bundled/inspector.js (1394)
12月 23, 2015 15:18:00.47 [7108:520:1223/151800:ERROR:CONSOLE(1394)] "TypeError: Cannot read property '_setChildrenPayload' of undefined TypeError: Cannot read property '_setChildrenPayload' of undefined
12月 23, 2015 15:18:00.48     at Object.WebInspector.DOMModel._setChildNodes (chrome-devtools://devtools/bundled/inspector.js:4948:46)
12月 23, 2015 15:18:00.48     at Object.WebInspector.DOMDispatcher.setChildNodes (chrome-devtools://devtools/bundled/inspector.js:5031:17)
12月 23, 2015 15:18:00.48     at Object.InspectorBackendClass.DispatcherPrototype.dispatch (chrome-devtools://devtools/bundled/inspector.js:3971:63)
12月 23, 2015 15:18:00.48     at Object.InspectorBackendClass.Connection.dispatch (chrome-devtools://devtools/bundled/inspector.js:3882:31)
12月 23, 2015 15:18:00.48     at Object.InspectorBackendClass.MainConnection._dispatchMessage (chrome-devtools://devtools/bundled/inspector.js:3903:7)
12月 23, 2015 15:18:00.48     at Object.WebInspector.Object.dispatchEventToListeners (chrome-devtools://devtools/bundled/inspector.js:750:185)
12月 23, 2015 15:18:00.48     at innerDispatch (chrome-devtools://devtools/bundled/inspector.js:1394:58)
12月 23, 2015 15:18:00.48     at Object.InspectorFrontendAPIImpl._dispatch (chrome-devtools://devtools/bundled/inspector.js:1393:1)
12月 23, 2015 15:18:00.48     at Object.DevToolsAPIImpl._dispatchOnInspectorFrontendAPI (<anonymous>:61:21)
12月 23, 2015 15:18:00.48     at Object.DevToolsAPIImpl.dispatchMessage (<anonymous>:128:14)", source: chrome-devtools://devtools/bundled/inspector.js (1394)
12月 23, 2015 15:18:00.48 [7108:520:1223/151800:ERROR:CONSOLE(1394)] "TypeError: Cannot read property '_setChildrenPayload' of undefined TypeError: Cannot read property '_setChildrenPayload' of undefined
12月 23, 2015 15:18:00.48     at Object.WebInspector.DOMModel._setChildNodes (chrome-devtools://devtools/bundled/inspector.js:4948:46)
12月 23, 2015 15:18:00.49     at Object.WebInspector.DOMDispatcher.setChildNodes (chrome-devtools://devtools/bundled/inspector.js:5031:17)
12月 23, 2015 15:18:00.49     at Object.InspectorBackendClass.DispatcherPrototype.dispatch (chrome-devtools://devtools/bundled/inspector.js:3971:63)
12月 23, 2015 15:18:00.49     at Object.InspectorBackendClass.Connection.dispatch (chrome-devtools://devtools/bundled/inspector.js:3882:31)
12月 23, 2015 15:18:00.49     at Object.InspectorBackendClass.MainConnection._dispatchMessage (chrome-devtools://devtools/bundled/inspector.js:3903:7)
12月 23, 2015 15:18:00.49     at Object.WebInspector.Object.dispatchEventToListeners (chrome-devtools://devtools/bundled/inspector.js:750:185)
12月 23, 2015 15:18:00.49     at innerDispatch (chrome-devtools://devtools/bundled/inspector.js:1394:58)
12月 23, 2015 15:18:00.49     at Object.InspectorFrontendAPIImpl._dispatch (chrome-devtools://devtools/bundled/inspector.js:1393:1)
12月 23, 2015 15:18:00.49     at Object.DevToolsAPIImpl._dispatchOnInspectorFrontendAPI (<anonymous>:61:21)
12月 23, 2015 15:18:00.49     at Object.DevToolsAPIImpl.dispatchMessage (<anonymous>:128:14)", source: chrome-devtools://devtools/bundled/inspector.js (1394)
12月 23, 2015 15:18:00.50 [7108:520:1223/151800:ERROR:CONSOLE(1858)] "Uncaught (in promise) Error: Could not resolve node to reveal.", source: chrome-devtools://devtools/bundled/elements_module.js (1858)
12月 23, 2015 15:18:02.12 [7108:520:1223/151802:ERROR:CONSOLE(1858)] "Uncaught (in promise) Error: Could not resolve node to reveal.", source: chrome-devtools://devtools/bundled/elements_module.js (1858)
12月 23, 2015 15:18:06.23 [7108:520:1223/151806:ERROR:CONSOLE(1858)] "Uncaught (in promise) Error: Could not resolve node to reveal.", source: chrome-devtools://devtools/bundled/elements_module.js (1858)
12月 23, 2015 15:18:07.22 [7108:520:1223/151807:ERROR:CONSOLE(1858)] "Uncaught (in promise) Error: Could not resolve node to reveal.", source: chrome-devtools://devtools/bundled/elements_module.js (1858)
12月 23, 2015 15:18:08.65 [7108:520:1223/151808:ERROR:CONSOLE(1858)] "Uncaught (in promise) Error: Could not resolve node to reveal.", source: chrome-devtools://devtools/bundled/elements_module.js (1858)
12月 23, 2015 15:24:52.94 [7108:520:1223/152452:ERROR:CONSOLE(1394)] "TypeError: Cannot read property '_setChildrenPayload' of undefined TypeError: Cannot read property '_setChildrenPayload' of undefined
12月 23, 2015 15:24:52.94     at Object.WebInspector.DOMModel._setChildNodes (chrome-devtools://devtools/bundled/inspector.js:4948:46)
12月 23, 2015 15:24:52.94     at Object.WebInspector.DOMDispatcher.setChildNodes (chrome-devtools://devtools/bundled/inspector.js:5031:17)
12月 23, 2015 15:24:52.94     at Object.InspectorBackendClass.DispatcherPrototype.dispatch (chrome-devtools://devtools/bundled/inspector.js:3971:63)
12月 23, 2015 15:24:52.94     at Object.InspectorBackendClass.Connection.dispatch (chrome-devtools://devtools/bundled/inspector.js:3882:31)
12月 23, 2015 15:24:52.94     at Object.InspectorBackendClass.MainConnection._dispatchMessage (chrome-devtools://devtools/bundled/inspector.js:3903:7)
12月 23, 2015 15:24:52.94     at Object.WebInspector.Object.dispatchEventToListeners (chrome-devtools://devtools/bundled/inspector.js:750:185)
12月 23, 2015 15:24:52.94     at innerDispatch (chrome-devtools://devtools/bundled/inspector.js:1394:58)
12月 23, 2015 15:24:52.94     at Object.InspectorFrontendAPIImpl._dispatch (chrome-devtools://devtools/bundled/inspector.js:1393:1)
12月 23, 2015 15:24:52.94     at Object.DevToolsAPIImpl._dispatchOnInspectorFrontendAPI (<anonymous>:61:21)
12月 23, 2015 15:24:52.95     at Object.DevToolsAPIImpl.dispatchMessage (<anonymous>:128:14)", source: chrome-devtools://devtools/bundled/inspector.js (1394)
12月 23, 2015 15:24:52.95 [7108:520:1223/152452:ERROR:CONSOLE(1394)] "TypeError: Cannot read property '_setChildrenPayload' of undefined TypeError: Cannot read property '_setChildrenPayload' of undefined
12月 23, 2015 15:24:52.95     at Object.WebInspector.DOMModel._setChildNodes (chrome-devtools://devtools/bundled/inspector.js:4948:46)
12月 23, 2015 15:24:52.95     at Object.WebInspector.DOMDispatcher.setChildNodes (chrome-devtools://devtools/bundled/inspector.js:5031:17)
12月 23, 2015 15:24:52.95     at Object.InspectorBackendClass.DispatcherPrototype.dispatch (chrome-devtools://devtools/bundled/inspector.js:3971:63)
12月 23, 2015 15:24:52.95     at Object.InspectorBackendClass.Connection.dispatch (chrome-devtools://devtools/bundled/inspector.js:3882:31)
12月 23, 2015 15:24:52.95     at Object.InspectorBackendClass.MainConnection._dispatchMessage (chrome-devtools://devtools/bundled/inspector.js:3903:7)
12月 23, 2015 15:24:52.95     at Object.WebInspector.Object.dispatchEventToListeners (chrome-devtools://devtools/bundled/inspector.js:750:185)
12月 23, 2015 15:24:52.95     at innerDispatch (chrome-devtools://devtools/bundled/inspector.js:1394:58)
12月 23, 2015 15:24:52.95     at Object.InspectorFrontendAPIImpl._dispatch (chrome-devtools://devtools/bundled/inspector.js:1393:1)
12月 23, 2015 15:24:52.95     at Object.DevToolsAPIImpl._dispatchOnInspectorFrontendAPI (<anonymous>:61:21)
12月 23, 2015 15:24:52.95     at Object.DevToolsAPIImpl.dispatchMessage (<anonymous>:128:14)", source: chrome-devtools://devtools/bundled/inspector.js (1394)
12月 23, 2015 15:24:52.95 [7108:520:1223/152452:ERROR:CONSOLE(1394)] "TypeError: Cannot read property '_setChildrenPayload' of undefined TypeError: Cannot read property '_setChildrenPayload' of undefined
12月 23, 2015 15:24:52.95     at Object.WebInspector.DOMModel._setChildNodes (chrome-devtools://devtools/bundled/inspector.js:4948:46)
12月 23, 2015 15:24:52.95     at Object.WebInspector.DOMDispatcher.setChildNodes (chrome-devtools://devtools/bundled/inspector.js:5031:17)
12月 23, 2015 15:24:52.96     at Object.InspectorBackendClass.DispatcherPrototype.dispatch (chrome-devtools://devtools/bundled/inspector.js:3971:63)
12月 23, 2015 15:24:52.96     at Object.InspectorBackendClass.Connection.dispatch (chrome-devtools://devtools/bundled/inspector.js:3882:31)
12月 23, 2015 15:24:52.96     at Object.InspectorBackendClass.MainConnection._dispatchMessage (chrome-devtools://devtools/bundled/inspector.js:3903:7)
12月 23, 2015 15:24:52.96     at Object.WebInspector.Object.dispatchEventToListeners (chrome-devtools://devtools/bundled/inspector.js:750:185)
12月 23, 2015 15:24:52.96     at innerDispatch (chrome-devtools://devtools/bundled/inspector.js:1394:58)
12月 23, 2015 15:24:52.96     at Object.InspectorFrontendAPIImpl._dispatch (chrome-devtools://devtools/bundled/inspector.js:1393:1)
12月 23, 2015 15:24:52.96     at Object.DevToolsAPIImpl._dispatchOnInspectorFrontendAPI (<anonymous>:61:21)
12月 23, 2015 15:24:52.96     at Object.DevToolsAPIImpl.dispatchMessage (<anonymous>:128:14)", source: chrome-devtools://devtools/bundled/inspector.js (1394)
12月 23, 2015 15:24:52.96 [7108:520:1223/152452:ERROR:CONSOLE(1394)] "TypeError: Cannot read property '_setChildrenPayload' of undefined TypeError: Cannot read property '_setChildrenPayload' of undefined
12月 23, 2015 15:24:52.96     at Object.WebInspector.DOMModel._setChildNodes (chrome-devtools://devtools/bundled/inspector.js:4948:46)
12月 23, 2015 15:24:52.97     at Object.WebInspector.DOMDispatcher.setChildNodes (chrome-devtools://devtools/bundled/inspector.js:5031:17)
12月 23, 2015 15:24:52.97     at Object.InspectorBackendClass.DispatcherPrototype.dispatch (chrome-devtools://devtools/bundled/inspector.js:3971:63)
12月 23, 2015 15:24:52.97     at Object.InspectorBackendClass.Connection.dispatch (chrome-devtools://devtools/bundled/inspector.js:3882:31)
12月 23, 2015 15:24:52.97     at Object.InspectorBackendClass.MainConnection._dispatchMessage (chrome-devtools://devtools/bundled/inspector.js:3903:7)
12月 23, 2015 15:24:52.97     at Object.WebInspector.Object.dispatchEventToListeners (chrome-devtools://devtools/bundled/inspector.js:750:185)
12月 23, 2015 15:24:52.97     at innerDispatch (chrome-devtools://devtools/bundled/inspector.js:1394:58)
12月 23, 2015 15:24:52.97     at Object.InspectorFrontendAPIImpl._dispatch (chrome-devtools://devtools/bundled/inspector.js:1393:1)
12月 23, 2015 15:24:52.97     at Object.DevToolsAPIImpl._dispatchOnInspectorFrontendAPI (<anonymous>:61:21)
12月 23, 2015 15:24:52.97     at Object.DevToolsAPIImpl.dispatchMessage (<anonymous>:128:14)", source: chrome-devtools://devtools/bundled/inspector.js (1394)
12月 23, 2015 15:24:52.97 [7108:520:1223/152452:ERROR:CONSOLE(1394)] "TypeError: Cannot read property '_setChildrenPayload' of undefined TypeError: Cannot read property '_setChildrenPayload' of undefined
12月 23, 2015 15:24:52.98     at Object.WebInspector.DOMModel._setChildNodes (chrome-devtools://devtools/bundled/inspector.js:4948:46)
12月 23, 2015 15:24:52.98     at Object.WebInspector.DOMDispatcher.setChildNodes (chrome-devtools://devtools/bundled/inspector.js:5031:17)
12月 23, 2015 15:24:52.98     at Object.InspectorBackendClass.DispatcherPrototype.dispatch (chrome-devtools://devtools/bundled/inspector.js:3971:63)
12月 23, 2015 15:24:52.98     at Object.InspectorBackendClass.Connection.dispatch (chrome-devtools://devtools/bundled/inspector.js:3882:31)
12月 23, 2015 15:24:52.98     at Object.InspectorBackendClass.MainConnection._dispatchMessage (chrome-devtools://devtools/bundled/inspector.js:3903:7)
12月 23, 2015 15:24:52.98     at Object.WebInspector.Object.dispatchEventToListeners (chrome-devtools://devtools/bundled/inspector.js:750:185)
12月 23, 2015 15:24:52.98     at innerDispatch (chrome-devtools://devtools/bundled/inspector.js:1394:58)
12月 23, 2015 15:24:52.98     at Object.InspectorFrontendAPIImpl._dispatch (chrome-devtools://devtools/bundled/inspector.js:1393:1)
12月 23, 2015 15:24:52.98     at Object.DevToolsAPIImpl._dispatchOnInspectorFrontendAPI (<anonymous>:61:21)
12月 23, 2015 15:24:52.98     at Object.DevToolsAPIImpl.dispatchMessage (<anonymous>:128:14)", source: chrome-devtools://devtools/bundled/inspector.js (1394)
12月 23, 2015 15:24:52.98 [7108:520:1223/152452:ERROR:CONSOLE(1394)] "TypeError: Cannot read property '_setChildrenPayload' of undefined TypeError: Cannot read property '_setChildrenPayload' of undefined
12月 23, 2015 15:24:52.99     at Object.WebInspector.DOMModel._setChildNodes (chrome-devtools://devtools/bundled/inspector.js:4948:46)
12月 23, 2015 15:24:52.99     at Object.WebInspector.DOMDispatcher.setChildNodes (chrome-devtools://devtools/bundled/inspector.js:5031:17)
12月 23, 2015 15:24:52.99     at Object.InspectorBackendClass.DispatcherPrototype.dispatch (chrome-devtools://devtools/bundled/inspector.js:3971:63)
12月 23, 2015 15:24:52.99     at Object.InspectorBackendClass.Connection.dispatch (chrome-devtools://devtools/bundled/inspector.js:3882:31)
12月 23, 2015 15:24:52.99     at Object.InspectorBackendClass.MainConnection._dispatchMessage (chrome-devtools://devtools/bundled/inspector.js:3903:7)
12月 23, 2015 15:24:52.99     at Object.WebInspector.Object.dispatchEventToListeners (chrome-devtools://devtools/bundled/inspector.js:750:185)
12月 23, 2015 15:24:52.99     at innerDispatch (chrome-devtools://devtools/bundled/inspector.js:1394:58)
12月 23, 2015 15:24:52.99     at Object.InspectorFrontendAPIImpl._dispatch (chrome-devtools://devtools/bundled/inspector.js:1393:1)
12月 23, 2015 15:24:52.99     at Object.DevToolsAPIImpl._dispatchOnInspectorFrontendAPI (<anonymous>:61:21)
12月 23, 2015 15:24:52.99     at Object.DevToolsAPIImpl.dispatchMessage (<anonymous>:128:14)", source: chrome-devtools://devtools/bundled/inspector.js (1394)
12月 23, 2015 15:24:52.99 [7108:520:1223/152452:ERROR:CONSOLE(1394)] "TypeError: Cannot read property '_setChildrenPayload' of undefined TypeError: Cannot read property '_setChildrenPayload' of undefined
12月 23, 2015 15:24:52.99     at Object.WebInspector.DOMModel._setChildNodes (chrome-devtools://devtools/bundled/inspector.js:4948:46)
12月 23, 2015 15:24:52.99     at Object.WebInspector.DOMDispatcher.setChildNodes (chrome-devtools://devtools/bundled/inspector.js:5031:17)
12月 23, 2015 15:24:52.99     at Object.InspectorBackendClass.DispatcherPrototype.dispatch (chrome-devtools://devtools/bundled/inspector.js:3971:63)
12月 23, 2015 15:24:52.99     at Object.InspectorBackendClass.Connection.dispatch (chrome-devtools://devtools/bundled/inspector.js:3882:31)
12月 23, 2015 15:24:52.99     at Object.InspectorBackendClass.MainConnection._dispatchMessage (chrome-devtools://devtools/bundled/inspector.js:3903:7)
12月 23, 2015 15:24:52.99     at Object.WebInspector.Object.dispatchEventToListeners (chrome-devtools://devtools/bundled/inspector.js:750:185)
12月 23, 2015 15:24:52.99     at innerDispatch (chrome-devtools://devtools/bundled/inspector.js:1394:58)
12月 23, 2015 15:24:52.99     at Object.InspectorFrontendAPIImpl._dispatch (chrome-devtools://devtools/bundled/inspector.js:1393:1)
12月 23, 2015 15:24:52.99     at Object.DevToolsAPIImpl._dispatchOnInspectorFrontendAPI (<anonymous>:61:21)
12月 23, 2015 15:24:52.99     at Object.DevToolsAPIImpl.dispatchMessage (<anonymous>:128:14)", source: chrome-devtools://devtools/bundled/inspector.js (1394)
12月 23, 2015 15:24:52.99 [7108:520:1223/152452:ERROR:CONSOLE(1858)] "Uncaught (in promise) Error: Could not resolve node to reveal.", source: chrome-devtools://devtools/bundled/elements_module.js (1858)
12月 23, 2015 15:24:56.89 [7108:520:1223/152456:ERROR:CONSOLE(1858)] "Uncaught (in promise) Error: Could not resolve node to reveal.", source: chrome-devtools://devtools/bundled/elements_module.js (1858)
12月 23, 2015 15:25:00.18 [7108:520:1223/152500:ERROR:CONSOLE(1858)] "Uncaught (in promise) Error: Could not resolve node to reveal.", source: chrome-devtools://devtools/bundled/elements_module.js (1858)
12月 23, 2015 15:25:00.59 [7108:520:1223/152500:ERROR:CONSOLE(1394)] "TypeError: Cannot set property '_childNodeCount' of undefined TypeError: Cannot set property '_childNodeCount' of undefined
12月 23, 2015 15:25:00.59     at Object.WebInspector.DOMModel._childNodeCountUpdated (chrome-devtools://devtools/bundled/inspector.js:4949:57)
12月 23, 2015 15:25:00.59     at Object.WebInspector.DOMDispatcher.childNodeCountUpdated (chrome-devtools://devtools/bundled/inspector.js:5032:17)
12月 23, 2015 15:25:00.59     at Object.InspectorBackendClass.DispatcherPrototype.dispatch (chrome-devtools://devtools/bundled/inspector.js:3971:63)
12月 23, 2015 15:25:00.59     at Object.InspectorBackendClass.Connection.dispatch (chrome-devtools://devtools/bundled/inspector.js:3882:31)
12月 23, 2015 15:25:00.59     at Object.InspectorBackendClass.MainConnection._dispatchMessage (chrome-devtools://devtools/bundled/inspector.js:3903:7)
12月 23, 2015 15:25:00.59     at Object.WebInspector.Object.dispatchEventToListeners (chrome-devtools://devtools/bundled/inspector.js:750:185)
12月 23, 2015 15:25:00.59     at innerDispatch (chrome-devtools://devtools/bundled/inspector.js:1394:58)
12月 23, 2015 15:25:00.59     at Object.InspectorFrontendAPIImpl._dispatch (chrome-devtools://devtools/bundled/inspector.js:1393:1)
12月 23, 2015 15:25:00.59     at Object.DevToolsAPIImpl._dispatchOnInspectorFrontendAPI (<anonymous>:61:21)
12月 23, 2015 15:25:00.59     at Object.DevToolsAPIImpl.dispatchMessage (<anonymous>:128:14)", source: chrome-devtools://devtools/bundled/inspector.js (1394)
12月 23, 2015 15:25:00.59 [7108:520:1223/152500:ERROR:CONSOLE(1394)] "TypeError: Cannot set property '_childNodeCount' of undefined TypeError: Cannot set property '_childNodeCount' of undefined
12月 23, 2015 15:25:00.60     at Object.WebInspector.DOMModel._childNodeCountUpdated (chrome-devtools://devtools/bundled/inspector.js:4949:57)
12月 23, 2015 15:25:00.60     at Object.WebInspector.DOMDispatcher.childNodeCountUpdated (chrome-devtools://devtools/bundled/inspector.js:5032:17)
12月 23, 2015 15:25:00.60     at Object.InspectorBackendClass.DispatcherPrototype.dispatch (chrome-devtools://devtools/bundled/inspector.js:3971:63)
12月 23, 2015 15:25:00.60     at Object.InspectorBackendClass.Connection.dispatch (chrome-devtools://devtools/bundled/inspector.js:3882:31)
12月 23, 2015 15:25:00.60     at Object.InspectorBackendClass.MainConnection._dispatchMessage (chrome-devtools://devtools/bundled/inspector.js:3903:7)
12月 23, 2015 15:25:00.60     at Object.WebInspector.Object.dispatchEventToListeners (chrome-devtools://devtools/bundled/inspector.js:750:185)
12月 23, 2015 15:25:00.60     at innerDispatch (chrome-devtools://devtools/bundled/inspector.js:1394:58)
12月 23, 2015 15:25:00.60     at Object.InspectorFrontendAPIImpl._dispatch (chrome-devtools://devtools/bundled/inspector.js:1393:1)
12月 23, 2015 15:25:00.60     at Object.DevToolsAPIImpl._dispatchOnInspectorFrontendAPI (<anonymous>:61:21)
12月 23, 2015 15:25:00.60     at Object.DevToolsAPIImpl.dispatchMessage (<anonymous>:128:14)", source: chrome-devtools://devtools/bundled/inspector.js (1394)
12月 23, 2015 15:25:00.60 [7108:520:1223/152500:ERROR:CONSOLE(1394)] "TypeError: Cannot set property '_childNodeCount' of undefined TypeError: Cannot set property '_childNodeCount' of undefined
12月 23, 2015 15:25:00.61     at Object.WebInspector.DOMModel._childNodeCountUpdated (chrome-devtools://devtools/bundled/inspector.js:4949:57)
12月 23, 2015 15:25:00.61     at Object.WebInspector.DOMDispatcher.childNodeCountUpdated (chrome-devtools://devtools/bundled/inspector.js:5032:17)
12月 23, 2015 15:25:00.61     at Object.InspectorBackendClass.DispatcherPrototype.dispatch (chrome-devtools://devtools/bundled/inspector.js:3971:63)
12月 23, 2015 15:25:00.61     at Object.InspectorBackendClass.Connection.dispatch (chrome-devtools://devtools/bundled/inspector.js:3882:31)
12月 23, 2015 15:25:00.61     at Object.InspectorBackendClass.MainConnection._dispatchMessage (chrome-devtools://devtools/bundled/inspector.js:3903:7)
12月 23, 2015 15:25:00.61     at Object.WebInspector.Object.dispatchEventToListeners (chrome-devtools://devtools/bundled/inspector.js:750:185)
12月 23, 2015 15:25:00.61     at innerDispatch (chrome-devtools://devtools/bundled/inspector.js:1394:58)
12月 23, 2015 15:25:00.61     at Object.InspectorFrontendAPIImpl._dispatch (chrome-devtools://devtools/bundled/inspector.js:1393:1)
12月 23, 2015 15:25:00.61     at Object.DevToolsAPIImpl._dispatchOnInspectorFrontendAPI (<anonymous>:61:21)
12月 23, 2015 15:25:00.62     at Object.DevToolsAPIImpl.dispatchMessage (<anonymous>:128:14)", source: chrome-devtools://devtools/bundled/inspector.js (1394)
12月 23, 2015 15:25:00.62 [7108:520:1223/152500:ERROR:CONSOLE(1394)] "TypeError: Cannot read property '_insertChild' of undefined TypeError: Cannot read property '_insertChild' of undefined
12月 23, 2015 15:25:00.62     at Object.WebInspector.DOMModel._childNodeInserted (chrome-devtools://devtools/bundled/inspector.js:4950:91)
12月 23, 2015 15:25:00.62     at Object.WebInspector.DOMDispatcher.childNodeInserted (chrome-devtools://devtools/bundled/inspector.js:5033:17)
12月 23, 2015 15:25:00.62     at Object.InspectorBackendClass.DispatcherPrototype.dispatch (chrome-devtools://devtools/bundled/inspector.js:3971:63)
12月 23, 2015 15:25:00.62     at Object.InspectorBackendClass.Connection.dispatch (chrome-devtools://devtools/bundled/inspector.js:3882:31)
12月 23, 2015 15:25:00.62     at Object.InspectorBackendClass.MainConnection._dispatchMessage (chrome-devtools://devtools/bundled/inspector.js:3903:7)
12月 23, 2015 15:25:00.62     at Object.WebInspector.Object.dispatchEventToListeners (chrome-devtools://devtools/bundled/inspector.js:750:185)
12月 23, 2015 15:25:00.62     at innerDispatch (chrome-devtools://devtools/bundled/inspector.js:1394:58)
12月 23, 2015 15:25:00.63     at Object.InspectorFrontendAPIImpl._dispatch (chrome-devtools://devtools/bundled/inspector.js:1393:1)
12月 23, 2015 15:25:00.63     at Object.DevToolsAPIImpl._dispatchOnInspectorFrontendAPI (<anonymous>:61:21)
12月 23, 2015 15:25:00.63     at Object.DevToolsAPIImpl.dispatchMessage (<anonymous>:128:14)", source: chrome-devtools://devtools/bundled/inspector.js (1394)
12月 23, 2015 15:25:00.63 [7108:520:1223/152500:ERROR:CONSOLE(1394)] "TypeError: Cannot read property '_insertChild' of undefined TypeError: Cannot read property '_insertChild' of undefined
12月 23, 2015 15:25:00.63     at Object.WebInspector.DOMModel._childNodeInserted (chrome-devtools://devtools/bundled/inspector.js:4950:91)
12月 23, 2015 15:25:00.63     at Object.WebInspector.DOMDispatcher.childNodeInserted (chrome-devtools://devtools/bundled/inspector.js:5033:17)
12月 23, 2015 15:25:00.63     at Object.InspectorBackendClass.DispatcherPrototype.dispatch (chrome-devtools://devtools/bundled/inspector.js:3971:63)
12月 23, 2015 15:25:00.63     at Object.InspectorBackendClass.Connection.dispatch (chrome-devtools://devtools/bundled/inspector.js:3882:31)
12月 23, 2015 15:25:00.63     at Object.InspectorBackendClass.MainConnection._dispatchMessage (chrome-devtools://devtools/bundled/inspector.js:3903:7)
12月 23, 2015 15:25:00.63     at Object.WebInspector.Object.dispatchEventToListeners (chrome-devtools://devtools/bundled/inspector.js:750:185)
12月 23, 2015 15:25:00.63     at innerDispatch (chrome-devtools://devtools/bundled/inspector.js:1394:58)
12月 23, 2015 15:25:00.64     at Object.InspectorFrontendAPIImpl._dispatch (chrome-devtools://devtools/bundled/inspector.js:1393:1)
12月 23, 2015 15:25:00.64     at Object.DevToolsAPIImpl._dispatchOnInspectorFrontendAPI (<anonymous>:61:21)
12月 23, 2015 15:25:00.64     at Object.DevToolsAPIImpl.dispatchMessage (<anonymous>:128:14)", source: chrome-devtools://devtools/bundled/inspector.js (1394)
12月 23, 2015 15:25:00.64 [7108:520:1223/152500:ERROR:CONSOLE(1394)] "TypeError: Cannot set property '_childNodeCount' of undefined TypeError: Cannot set property '_childNodeCount' of undefined
12月 23, 2015 15:25:00.64     at Object.WebInspector.DOMModel._childNodeCountUpdated (chrome-devtools://devtools/bundled/inspector.js:4949:57)
12月 23, 2015 15:25:00.64     at Object.WebInspector.DOMDispatcher.childNodeCountUpdated (chrome-devtools://devtools/bundled/inspector.js:5032:17)
12月 23, 2015 15:25:00.64     at Object.InspectorBackendClass.DispatcherPrototype.dispatch (chrome-devtools://devtools/bundled/inspector.js:3971:63)
12月 23, 2015 15:25:00.64     at Object.InspectorBackendClass.Connection.dispatch (chrome-devtools://devtools/bundled/inspector.js:3882:31)
12月 23, 2015 15:25:00.64     at Object.InspectorBackendClass.MainConnection._dispatchMessage (chrome-devtools://devtools/bundled/inspector.js:3903:7)
12月 23, 2015 15:25:00.64     at Object.WebInspector.Object.dispatchEventToListeners (chrome-devtools://devtools/bundled/inspector.js:750:185)
12月 23, 2015 15:25:00.64     at innerDispatch (chrome-devtools://devtools/bundled/inspector.js:1394:58)
12月 23, 2015 15:25:00.64     at Object.InspectorFrontendAPIImpl._dispatch (chrome-devtools://devtools/bundled/inspector.js:1393:1)
12月 23, 2015 15:25:00.64     at Object.DevToolsAPIImpl._dispatchOnInspectorFrontendAPI (<anonymous>:61:21)
12月 23, 2015 15:25:00.65     at Object.DevToolsAPIImpl.dispatchMessage (<anonymous>:128:14)", source: chrome-devtools://devtools/bundled/inspector.js (1394)
12月 23, 2015 15:25:00.65 [7108:520:1223/152500:ERROR:CONSOLE(1394)] "TypeError: Cannot set property '_childNodeCount' of undefined TypeError: Cannot set property '_childNodeCount' of undefined
12月 23, 2015 15:25:00.65     at Object.WebInspector.DOMModel._childNodeCountUpdated (chrome-devtools://devtools/bundled/inspector.js:4949:57)
12月 23, 2015 15:25:00.67     at Object.WebInspector.DOMDispatcher.childNodeCountUpdated (chrome-devtools://devtools/bundled/inspector.js:5032:17)
12月 23, 2015 15:25:00.67     at Object.InspectorBackendClass.DispatcherPrototype.dispatch (chrome-devtools://devtools/bundled/inspector.js:3971:63)
12月 23, 2015 15:25:00.67     at Object.InspectorBackendClass.Connection.dispatch (chrome-devtools://devtools/bundled/inspector.js:3882:31)
12月 23, 2015 15:25:00.67     at Object.InspectorBackendClass.MainConnection._dispatchMessage (chrome-devtools://devtools/bundled/inspector.js:3903:7)
12月 23, 2015 15:25:00.67     at Object.WebInspector.Object.dispatchEventToListeners (chrome-devtools://devtools/bundled/inspector.js:750:185)
12月 23, 2015 15:25:00.67     at innerDispatch (chrome-devtools://devtools/bundled/inspector.js:1394:58)
12月 23, 2015 15:25:00.67     at Object.InspectorFrontendAPIImpl._dispatch (chrome-devtools://devtools/bundled/inspector.js:1393:1)
12月 23, 2015 15:25:00.67     at Object.DevToolsAPIImpl._dispatchOnInspectorFrontendAPI (<anonymous>:61:21)
12月 23, 2015 15:25:00.67     at Object.DevToolsAPIImpl.dispatchMessage (<anonymous>:128:14)", source: chrome-devtools://devtools/bundled/inspector.js (1394)
12月 23, 2015 15:25:00.67 [7108:520:1223/152500:ERROR:CONSOLE(1394)] "TypeError: Cannot read property '_insertChild' of undefined TypeError: Cannot read property '_insertChild' of undefined
12月 23, 2015 15:25:00.67     at Object.WebInspector.DOMModel._childNodeInserted (chrome-devtools://devtools/bundled/inspector.js:4950:91)
12月 23, 2015 15:25:00.68     at Object.WebInspector.DOMDispatcher.childNodeInserted (chrome-devtools://devtools/bundled/inspector.js:5033:17)
12月 23, 2015 15:25:00.68     at Object.InspectorBackendClass.DispatcherPrototype.dispatch (chrome-devtools://devtools/bundled/inspector.js:3971:63)
12月 23, 2015 15:25:00.68     at Object.InspectorBackendClass.Connection.dispatch (chrome-devtools://devtools/bundled/inspector.js:3882:31)
12月 23, 2015 15:25:00.68     at Object.InspectorBackendClass.MainConnection._dispatchMessage (chrome-devtools://devtools/bundled/inspector.js:3903:7)
12月 23, 2015 15:25:00.68     at Object.WebInspector.Object.dispatchEventToListeners (chrome-devtools://devtools/bundled/inspector.js:750:185)
12月 23, 2015 15:25:00.68     at innerDispatch (chrome-devtools://devtools/bundled/inspector.js:1394:58)
12月 23, 2015 15:25:00.68     at Object.InspectorFrontendAPIImpl._dispatch (chrome-devtools://devtools/bundled/inspector.js:1393:1)
12月 23, 2015 15:25:00.68     at Object.DevToolsAPIImpl._dispatchOnInspectorFrontendAPI (<anonymous>:61:21)
12月 23, 2015 15:25:00.68     at Object.DevToolsAPIImpl.dispatchMessage (<anonymous>:128:14)", source: chrome-devtools://devtools/bundled/inspector.js (1394)
12月 23, 2015 15:25:00.68 [7108:520:1223/152500:ERROR:CONSOLE(1394)] "TypeError: Cannot set property '_childNodeCount' of undefined TypeError: Cannot set property '_childNodeCount' of undefined
12月 23, 2015 15:25:00.68     at Object.WebInspector.DOMModel._childNodeCountUpdated (chrome-devtools://devtools/bundled/inspector.js:4949:57)
12月 23, 2015 15:25:00.68     at Object.WebInspector.DOMDispatcher.childNodeCountUpdated (chrome-devtools://devtools/bundled/inspector.js:5032:17)
12月 23, 2015 15:25:00.68     at Object.InspectorBackendClass.DispatcherPrototype.dispatch (chrome-devtools://devtools/bundled/inspector.js:3971:63)
12月 23, 2015 15:25:00.68     at Object.InspectorBackendClass.Connection.dispatch (chrome-devtools://devtools/bundled/inspector.js:3882:31)
12月 23, 2015 15:25:00.68     at Object.InspectorBackendClass.MainConnection._dispatchMessage (chrome-devtools://devtools/bundled/inspector.js:3903:7)
12月 23, 2015 15:25:00.69     at Object.WebInspector.Object.dispatchEventToListeners (chrome-devtools://devtools/bundled/inspector.js:750:185)
12月 23, 2015 15:25:00.69     at innerDispatch (chrome-devtools://devtools/bundled/inspector.js:1394:58)
12月 23, 2015 15:25:00.69     at Object.InspectorFrontendAPIImpl._dispatch (chrome-devtools://devtools/bundled/inspector.js:1393:1)
12月 23, 2015 15:25:00.69     at Object.DevToolsAPIImpl._dispatchOnInspectorFrontendAPI (<anonymous>:61:21)
12月 23, 2015 15:25:00.70     at Object.DevToolsAPIImpl.dispatchMessage (<anonymous>:128:14)", source: chrome-devtools://devtools/bundled/inspector.js (1394)
12月 23, 2015 15:25:00.70 [7108:520:1223/152500:ERROR:CONSOLE(1394)] "TypeError: Cannot set property '_childNodeCount' of undefined TypeError: Cannot set property '_childNodeCount' of undefined
12月 23, 2015 15:25:00.70     at Object.WebInspector.DOMModel._childNodeCountUpdated (chrome-devtools://devtools/bundled/inspector.js:4949:57)
12月 23, 2015 15:25:00.70     at Object.WebInspector.DOMDispatcher.childNodeCountUpdated (chrome-devtools://devtools/bundled/inspector.js:5032:17)
12月 23, 2015 15:25:00.70     at Object.InspectorBackendClass.DispatcherPrototype.dispatch (chrome-devtools://devtools/bundled/inspector.js:3971:63)
12月 23, 2015 15:25:00.70     at Object.InspectorBackendClass.Connection.dispatch (chrome-devtools://devtools/bundled/inspector.js:3882:31)
12月 23, 2015 15:25:00.70     at Object.InspectorBackendClass.MainConnection._dispatchMessage (chrome-devtools://devtools/bundled/inspector.js:3903:7)
12月 23, 2015 15:25:00.70     at Object.WebInspector.Object.dispatchEventToListeners (chrome-devtools://devtools/bundled/inspector.js:750:185)
12月 23, 2015 15:25:00.70     at innerDispatch (chrome-devtools://devtools/bundled/inspector.js:1394:58)
12月 23, 2015 15:25:00.70     at Object.InspectorFrontendAPIImpl._dispatch (chrome-devtools://devtools/bundled/inspector.js:1393:1)
12月 23, 2015 15:25:00.70     at Object.DevToolsAPIImpl._dispatchOnInspectorFrontendAPI (<anonymous>:61:21)
12月 23, 2015 15:25:00.70     at Object.DevToolsAPIImpl.dispatchMessage (<anonymous>:128:14)", source: chrome-devtools://devtools/bundled/inspector.js (1394)
12月 23, 2015 15:25:00.70 [7108:520:1223/152500:ERROR:CONSOLE(1394)] "TypeError: Cannot read property '_insertChild' of undefined TypeError: Cannot read property '_insertChild' of undefined
12月 23, 2015 15:25:00.70     at Object.WebInspector.DOMModel._childNodeInserted (chrome-devtools://devtools/bundled/inspector.js:4950:91)
12月 23, 2015 15:25:00.70     at Object.WebInspector.DOMDispatcher.childNodeInserted (chrome-devtools://devtools/bundled/inspector.js:5033:17)
12月 23, 2015 15:25:00.70     at Object.InspectorBackendClass.DispatcherPrototype.dispatch (chrome-devtools://devtools/bundled/inspector.js:3971:63)
12月 23, 2015 15:25:00.70     at Object.InspectorBackendClass.Connection.dispatch (chrome-devtools://devtools/bundled/inspector.js:3882:31)
12月 23, 2015 15:25:00.70     at Object.InspectorBackendClass.MainConnection._dispatchMessage (chrome-devtools://devtools/bundled/inspector.js:3903:7)
12月 23, 2015 15:25:00.70     at Object.WebInspector.Object.dispatchEventToListeners (chrome-devtools://devtools/bundled/inspector.js:750:185)
12月 23, 2015 15:25:00.70     at innerDispatch (chrome-devtools://devtools/bundled/inspector.js:1394:58)
12月 23, 2015 15:25:00.70     at Object.InspectorFrontendAPIImpl._dispatch (chrome-devtools://devtools/bundled/inspector.js:1393:1)
12月 23, 2015 15:25:00.70     at Object.DevToolsAPIImpl._dispatchOnInspectorFrontendAPI (<anonymous>:61:21)
12月 23, 2015 15:25:00.70     at Object.DevToolsAPIImpl.dispatchMessage (<anonymous>:128:14)", source: chrome-devtools://devtools/bundled/inspector.js (1394)
12月 23, 2015 15:25:00.70 [7108:520:1223/152500:ERROR:CONSOLE(1394)] "TypeError: Cannot set property '_childNodeCount' of undefined TypeError: Cannot set property '_childNodeCount' of undefined
12月 23, 2015 15:25:00.70     at Object.WebInspector.DOMModel._childNodeCountUpdated (chrome-devtools://devtools/bundled/inspector.js:4949:57)
12月 23, 2015 15:25:00.70     at Object.WebInspector.DOMDispatcher.childNodeCountUpdated (chrome-devtools://devtools/bundled/inspector.js:5032:17)
12月 23, 2015 15:25:00.71     at Object.InspectorBackendClass.DispatcherPrototype.dispatch (chrome-devtools://devtools/bundled/inspector.js:3971:63)
12月 23, 2015 15:25:00.71     at Object.InspectorBackendClass.Connection.dispatch (chrome-devtools://devtools/bundled/inspector.js:3882:31)
12月 23, 2015 15:25:00.71     at Object.InspectorBackendClass.MainConnection._dispatchMessage (chrome-devtools://devtools/bundled/inspector.js:3903:7)
12月 23, 2015 15:25:00.71     at Object.WebInspector.Object.dispatchEventToListeners (chrome-devtools://devtools/bundled/inspector.js:750:185)
12月 23, 2015 15:25:00.71     at innerDispatch (chrome-devtools://devtools/bundled/inspector.js:1394:58)
12月 23, 2015 15:25:00.71     at Object.InspectorFrontendAPIImpl._dispatch (chrome-devtools://devtools/bundled/inspector.js:1393:1)
12月 23, 2015 15:25:00.71     at Object.DevToolsAPIImpl._dispatchOnInspectorFrontendAPI (<anonymous>:61:21)
12月 23, 2015 15:25:00.71     at Object.DevToolsAPIImpl.dispatchMessage (<anonymous>:128:14)", source: chrome-devtools://devtools/bundled/inspector.js (1394)
12月 23, 2015 15:25:00.71 [7108:520:1223/152500:ERROR:CONSOLE(1394)] "TypeError: Cannot set property '_childNodeCount' of undefined TypeError: Cannot set property '_childNodeCount' of undefined
12月 23, 2015 15:25:00.71     at Object.WebInspector.DOMModel._childNodeCountUpdated (chrome-devtools://devtools/bundled/inspector.js:4949:57)
12月 23, 2015 15:25:00.71     at Object.WebInspector.DOMDispatcher.childNodeCountUpdated (chrome-devtools://devtools/bundled/inspector.js:5032:17)
12月 23, 2015 15:25:00.71     at Object.InspectorBackendClass.DispatcherPrototype.dispatch (chrome-devtools://devtools/bundled/inspector.js:3971:63)
12月 23, 2015 15:25:00.71     at Object.InspectorBackendClass.Connection.dispatch (chrome-devtools://devtools/bundled/inspector.js:3882:31)
12月 23, 2015 15:25:00.71     at Object.InspectorBackendClass.MainConnection._dispatchMessage (chrome-devtools://devtools/bundled/inspector.js:3903:7)
12月 23, 2015 15:25:00.71     at Object.WebInspector.Object.dispatchEventToListeners (chrome-devtools://devtools/bundled/inspector.js:750:185)
12月 23, 2015 15:25:00.71     at innerDispatch (chrome-devtools://devtools/bundled/inspector.js:1394:58)
12月 23, 2015 15:25:00.71     at Object.InspectorFrontendAPIImpl._dispatch (chrome-devtools://devtools/bundled/inspector.js:1393:1)
12月 23, 2015 15:25:00.71     at Object.DevToolsAPIImpl._dispatchOnInspectorFrontendAPI (<anonymous>:61:21)
12月 23, 2015 15:25:00.71     at Object.DevToolsAPIImpl.dispatchMessage (<anonymous>:128:14)", source: chrome-devtools://devtools/bundled/inspector.js (1394)
12月 23, 2015 15:25:00.72 [7108:520:1223/152500:ERROR:CONSOLE(1394)] "TypeError: Cannot read property '_insertChild' of undefined TypeError: Cannot read property '_insertChild' of undefined
12月 23, 2015 15:25:00.72     at Object.WebInspector.DOMModel._childNodeInserted (chrome-devtools://devtools/bundled/inspector.js:4950:91)
12月 23, 2015 15:25:00.72     at Object.WebInspector.DOMDispatcher.childNodeInserted (chrome-devtools://devtools/bundled/inspector.js:5033:17)
12月 23, 2015 15:25:00.72     at Object.InspectorBackendClass.DispatcherPrototype.dispatch (chrome-devtools://devtools/bundled/inspector.js:3971:63)
12月 23, 2015 15:25:00.72     at Object.InspectorBackendClass.Connection.dispatch (chrome-devtools://devtools/bundled/inspector.js:3882:31)
12月 23, 2015 15:25:00.72     at Object.InspectorBackendClass.MainConnection._dispatchMessage (chrome-devtools://devtools/bundled/inspector.js:3903:7)
12月 23, 2015 15:25:00.72     at Object.WebInspector.Object.dispatchEventToListeners (chrome-devtools://devtools/bundled/inspector.js:750:185)
12月 23, 2015 15:25:00.72     at innerDispatch (chrome-devtools://devtools/bundled/inspector.js:1394:58)
12月 23, 2015 15:25:00.72     at Object.InspectorFrontendAPIImpl._dispatch (chrome-devtools://devtools/bundled/inspector.js:1393:1)
12月 23, 2015 15:25:00.72     at Object.DevToolsAPIImpl._dispatchOnInspectorFrontendAPI (<anonymous>:61:21)
12月 23, 2015 15:25:00.72     at Object.DevToolsAPIImpl.dispatchMessage (<anonymous>:128:14)", source: chrome-devtools://devtools/bundled/inspector.js (1394)
12月 23, 2015 15:25:00.72 [7108:520:1223/152500:ERROR:CONSOLE(1394)] "TypeError: Cannot read property '_removeChild' of undefined TypeError: Cannot read property '_removeChild' of undefined
12月 23, 2015 15:25:00.72     at Object.WebInspector.DOMModel._childNodeRemoved (chrome-devtools://devtools/bundled/inspector.js:4951:82)
12月 23, 2015 15:25:00.72     at Object.WebInspector.DOMDispatcher.childNodeRemoved (chrome-devtools://devtools/bundled/inspector.js:5034:17)
12月 23, 2015 15:25:00.72     at Object.InspectorBackendClass.DispatcherPrototype.dispatch (chrome-devtools://devtools/bundled/inspector.js:3971:63)
12月 23, 2015 15:25:00.72     at Object.InspectorBackendClass.Connection.dispatch (chrome-devtools://devtools/bundled/inspector.js:3882:31)
12月 23, 2015 15:25:00.72     at Object.InspectorBackendClass.MainConnection._dispatchMessage (chrome-devtools://devtools/bundled/inspector.js:3903:7)
12月 23, 2015 15:25:00.72     at Object.WebInspector.Object.dispatchEventToListeners (chrome-devtools://devtools/bundled/inspector.js:750:185)
12月 23, 2015 15:25:00.72     at innerDispatch (chrome-devtools://devtools/bundled/inspector.js:1394:58)
12月 23, 2015 15:25:00.72     at Object.InspectorFrontendAPIImpl._dispatch (chrome-devtools://devtools/bundled/inspector.js:1393:1)
12月 23, 2015 15:25:00.72     at Object.DevToolsAPIImpl._dispatchOnInspectorFrontendAPI (<anonymous>:61:21)
12月 23, 2015 15:25:00.72     at Object.DevToolsAPIImpl.dispatchMessage (<anonymous>:128:14)", source: chrome-devtools://devtools/bundled/inspector.js (1394)
12月 23, 2015 15:25:00.72 [7108:520:1223/152500:ERROR:CONSOLE(1394)] "TypeError: Cannot read property '_insertChild' of undefined TypeError: Cannot read property '_insertChild' of undefined
12月 23, 2015 15:25:00.72     at Object.WebInspector.DOMModel._childNodeInserted (chrome-devtools://devtools/bundled/inspector.js:4950:91)
12月 23, 2015 15:25:00.72     at Object.WebInspector.DOMDispatcher.childNodeInserted (chrome-devtools://devtools/bundled/inspector.js:5033:17)
12月 23, 2015 15:25:00.73     at Object.InspectorBackendClass.DispatcherPrototype.dispatch (chrome-devtools://devtools/bundled/inspector.js:3971:63)
12月 23, 2015 15:25:00.73     at Object.InspectorBackendClass.Connection.dispatch (chrome-devtools://devtools/bundled/inspector.js:3882:31)
12月 23, 2015 15:25:00.73     at Object.InspectorBackendClass.MainConnection._dispatchMessage (chrome-devtools://devtools/bundled/inspector.js:3903:7)
12月 23, 2015 15:25:00.73     at Object.WebInspector.Object.dispatchEventToListeners (chrome-devtools://devtools/bundled/inspector.js:750:185)
12月 23, 2015 15:25:00.73     at innerDispatch (chrome-devtools://devtools/bundled/inspector.js:1394:58)
12月 23, 2015 15:25:00.73     at Object.InspectorFrontendAPIImpl._dispatch (chrome-devtools://devtools/bundled/inspector.js:1393:1)
12月 23, 2015 15:25:00.73     at Object.DevToolsAPIImpl._dispatchOnInspectorFrontendAPI (<anonymous>:61:21)
12月 23, 2015 15:25:00.73     at Object.DevToolsAPIImpl.dispatchMessage (<anonymous>:128:14)", source: chrome-devtools://devtools/bundled/inspector.js (1394)
12月 23, 2015 15:25:00.73 [7108:520:1223/152500:ERROR:CONSOLE(1394)] "TypeError: Cannot set property '_childNodeCount' of undefined TypeError: Cannot set property '_childNodeCount' of undefined
12月 23, 2015 15:25:00.73     at Object.WebInspector.DOMModel._childNodeCountUpdated (chrome-devtools://devtools/bundled/inspector.js:4949:57)
12月 23, 2015 15:25:00.73     at Object.WebInspector.DOMDispatcher.childNodeCountUpdated (chrome-devtools://devtools/bundled/inspector.js:5032:17)
12月 23, 2015 15:25:00.73     at Object.InspectorBackendClass.DispatcherPrototype.dispatch (chrome-devtools://devtools/bundled/inspector.js:3971:63)
12月 23, 2015 15:25:00.73     at Object.InspectorBackendClass.Connection.dispatch (chrome-devtools://devtools/bundled/inspector.js:3882:31)
12月 23, 2015 15:25:00.73     at Object.InspectorBackendClass.MainConnection._dispatchMessage (chrome-devtools://devtools/bundled/inspector.js:3903:7)
12月 23, 2015 15:25:00.73     at Object.WebInspector.Object.dispatchEventToListeners (chrome-devtools://devtools/bundled/inspector.js:750:185)
12月 23, 2015 15:25:00.73     at innerDispatch (chrome-devtools://devtools/bundled/inspector.js:1394:58)
12月 23, 2015 15:25:00.73     at Object.InspectorFrontendAPIImpl._dispatch (chrome-devtools://devtools/bundled/inspector.js:1393:1)
12月 23, 2015 15:25:00.74     at Object.DevToolsAPIImpl._dispatchOnInspectorFrontendAPI (<anonymous>:61:21)
12月 23, 2015 15:25:00.74     at Object.DevToolsAPIImpl.dispatchMessage (<anonymous>:128:14)", source: chrome-devtools://devtools/bundled/inspector.js (1394)
12月 23, 2015 15:25:00.74 [7108:520:1223/152500:ERROR:CONSOLE(1394)] "TypeError: Cannot read property '_insertChild' of undefined TypeError: Cannot read property '_insertChild' of undefined
12月 23, 2015 15:25:00.74     at Object.WebInspector.DOMModel._childNodeInserted (chrome-devtools://devtools/bundled/inspector.js:4950:91)
12月 23, 2015 15:25:00.74     at Object.WebInspector.DOMDispatcher.childNodeInserted (chrome-devtools://devtools/bundled/inspector.js:5033:17)
12月 23, 2015 15:25:00.74     at Object.InspectorBackendClass.DispatcherPrototype.dispatch (chrome-devtools://devtools/bundled/inspector.js:3971:63)
12月 23, 2015 15:25:00.74     at Object.InspectorBackendClass.Connection.dispatch (chrome-devtools://devtools/bundled/inspector.js:3882:31)
12月 23, 2015 15:25:00.74     at Object.InspectorBackendClass.MainConnection._dispatchMessage (chrome-devtools://devtools/bundled/inspector.js:3903:7)
12月 23, 2015 15:25:00.74     at Object.WebInspector.Object.dispatchEventToListeners (chrome-devtools://devtools/bundled/inspector.js:750:185)
12月 23, 2015 15:25:00.74     at innerDispatch (chrome-devtools://devtools/bundled/inspector.js:1394:58)
12月 23, 2015 15:25:00.74     at Object.InspectorFrontendAPIImpl._dispatch (chrome-devtools://devtools/bundled/inspector.js:1393:1)
12月 23, 2015 15:25:00.75     at Object.DevToolsAPIImpl._dispatchOnInspectorFrontendAPI (<anonymous>:61:21)
12月 23, 2015 15:25:00.75     at Object.DevToolsAPIImpl.dispatchMessage (<anonymous>:128:14)", source: chrome-devtools://devtools/bundled/inspector.js (1394)
12月 23, 2015 15:25:00.75 [7108:520:1223/152500:ERROR:CONSOLE(1394)] "TypeError: Cannot set property '_childNodeCount' of undefined TypeError: Cannot set property '_childNodeCount' of undefined
12月 23, 2015 15:25:00.75     at Object.WebInspector.DOMModel._childNodeCountUpdated (chrome-devtools://devtools/bundled/inspector.js:4949:57)
12月 23, 2015 15:25:00.75     at Object.WebInspector.DOMDispatcher.childNodeCountUpdated (chrome-devtools://devtools/bundled/inspector.js:5032:17)
12月 23, 2015 15:25:00.75     at Object.InspectorBackendClass.DispatcherPrototype.dispatch (chrome-devtools://devtools/bundled/inspector.js:3971:63)
12月 23, 2015 15:25:00.76     at Object.InspectorBackendClass.Connection.dispatch (chrome-devtools://devtools/bundled/inspector.js:3882:31)
12月 23, 2015 15:25:00.76     at Object.InspectorBackendClass.MainConnection._dispatchMessage (chrome-devtools://devtools/bundled/inspector.js:3903:7)
12月 23, 2015 15:25:00.76     at Object.WebInspector.Object.dispatchEventToListeners (chrome-devtools://devtools/bundled/inspector.js:750:185)
12月 23, 2015 15:25:00.76     at innerDispatch (chrome-devtools://devtools/bundled/inspector.js:1394:58)
12月 23, 2015 15:25:00.76     at Object.InspectorFrontendAPIImpl._dispatch (chrome-devtools://devtools/bundled/inspector.js:1393:1)
12月 23, 2015 15:25:00.76     at Object.DevToolsAPIImpl._dispatchOnInspectorFrontendAPI (<anonymous>:61:21)
12月 23, 2015 15:25:00.76     at Object.DevToolsAPIImpl.dispatchMessage (<anonymous>:128:14)", source: chrome-devtools://devtools/bundled/inspector.js (1394)
12月 23, 2015 15:25:00.76 [7108:520:1223/152500:ERROR:CONSOLE(1394)] "TypeError: Cannot set property '_childNodeCount' of undefined TypeError: Cannot set property '_childNodeCount' of undefined
12月 23, 2015 15:25:00.76     at Object.WebInspector.DOMModel._childNodeCountUpdated (chrome-devtools://devtools/bundled/inspector.js:4949:57)
12月 23, 2015 15:25:00.76     at Object.WebInspector.DOMDispatcher.childNodeCountUpdated (chrome-devtools://devtools/bundled/inspector.js:5032:17)
12月 23, 2015 15:25:00.76     at Object.InspectorBackendClass.DispatcherPrototype.dispatch (chrome-devtools://devtools/bundled/inspector.js:3971:63)
12月 23, 2015 15:25:00.76     at Object.InspectorBackendClass.Connection.dispatch (chrome-devtools://devtools/bundled/inspector.js:3882:31)
12月 23, 2015 15:25:00.76     at Object.InspectorBackendClass.MainConnection._dispatchMessage (chrome-devtools://devtools/bundled/inspector.js:3903:7)
12月 23, 2015 15:25:00.76     at Object.WebInspector.Object.dispatchEventToListeners (chrome-devtools://devtools/bundled/inspector.js:750:185)
12月 23, 2015 15:25:00.76     at innerDispatch (chrome-devtools://devtools/bundled/inspector.js:1394:58)
12月 23, 2015 15:25:00.76     at Object.InspectorFrontendAPIImpl._dispatch (chrome-devtools://devtools/bundled/inspector.js:1393:1)
12月 23, 2015 15:25:00.76     at Object.DevToolsAPIImpl._dispatchOnInspectorFrontendAPI (<anonymous>:61:21)
12月 23, 2015 15:25:00.77     at Object.DevToolsAPIImpl.dispatchMessage (<anonymous>:128:14)", source: chrome-devtools://devtools/bundled/inspector.js (1394)
12月 23, 2015 15:25:00.77 [7108:520:1223/152500:ERROR:CONSOLE(1394)] "TypeError: Cannot set property '_childNodeCount' of undefined TypeError: Cannot set property '_childNodeCount' of undefined
12月 23, 2015 15:25:00.77     at Object.WebInspector.DOMModel._childNodeCountUpdated (chrome-devtools://devtools/bundled/inspector.js:4949:57)
12月 23, 2015 15:25:00.77     at Object.WebInspector.DOMDispatcher.childNodeCountUpdated (chrome-devtools://devtools/bundled/inspector.js:5032:17)
12月 23, 2015 15:25:00.77     at Object.InspectorBackendClass.DispatcherPrototype.dispatch (chrome-devtools://devtools/bundled/inspector.js:3971:63)
12月 23, 2015 15:25:00.77     at Object.InspectorBackendClass.Connection.dispatch (chrome-devtools://devtools/bundled/inspector.js:3882:31)
12月 23, 2015 15:25:00.77     at Object.InspectorBackendClass.MainConnection._dispatchMessage (chrome-devtools://devtools/bundled/inspector.js:3903:7)
12月 23, 2015 15:25:00.77     at Object.WebInspector.Object.dispatchEventToListeners (chrome-devtools://devtools/bundled/inspector.js:750:185)
12月 23, 2015 15:25:00.77     at innerDispatch (chrome-devtools://devtools/bundled/inspector.js:1394:58)
12月 23, 2015 15:25:00.77     at Object.InspectorFrontendAPIImpl._dispatch (chrome-devtools://devtools/bundled/inspector.js:1393:1)
12月 23, 2015 15:25:00.77     at Object.DevToolsAPIImpl._dispatchOnInspectorFrontendAPI (<anonymous>:61:21)
12月 23, 2015 15:25:00.77     at Object.DevToolsAPIImpl.dispatchMessage (<anonymous>:128:14)", source: chrome-devtools://devtools/bundled/inspector.js (1394)
12月 23, 2015 15:25:00.77 [7108:520:1223/152500:ERROR:CONSOLE(1394)] "TypeError: Cannot read property '_insertChild' of undefined TypeError: Cannot read property '_insertChild' of undefined
12月 23, 2015 15:25:00.77     at Object.WebInspector.DOMModel._childNodeInserted (chrome-devtools://devtools/bundled/inspector.js:4950:91)
12月 23, 2015 15:25:00.77     at Object.WebInspector.DOMDispatcher.childNodeInserted (chrome-devtools://devtools/bundled/inspector.js:5033:17)
12月 23, 2015 15:25:00.77     at Object.InspectorBackendClass.DispatcherPrototype.dispatch (chrome-devtools://devtools/bundled/inspector.js:3971:63)
12月 23, 2015 15:25:00.77     at Object.InspectorBackendClass.Connection.dispatch (chrome-devtools://devtools/bundled/inspector.js:3882:31)
12月 23, 2015 15:25:00.77     at Object.InspectorBackendClass.MainConnection._dispatchMessage (chrome-devtools://devtools/bundled/inspector.js:3903:7)
12月 23, 2015 15:25:00.77     at Object.WebInspector.Object.dispatchEventToListeners (chrome-devtools://devtools/bundled/inspector.js:750:185)
12月 23, 2015 15:25:00.77     at innerDispatch (chrome-devtools://devtools/bundled/inspector.js:1394:58)
12月 23, 2015 15:25:00.77     at Object.InspectorFrontendAPIImpl._dispatch (chrome-devtools://devtools/bundled/inspector.js:1393:1)
12月 23, 2015 15:25:00.77     at Object.DevToolsAPIImpl._dispatchOnInspectorFrontendAPI (<anonymous>:61:21)
12月 23, 2015 15:25:00.77     at Object.DevToolsAPIImpl.dispatchMessage (<anonymous>:128:14)", source: chrome-devtools://devtools/bundled/inspector.js (1394)
12月 23, 2015 15:25:00.78 [7108:520:1223/152500:ERROR:CONSOLE(1394)] "TypeError: Cannot set property '_childNodeCount' of undefined TypeError: Cannot set property '_childNodeCount' of undefined
12月 23, 2015 15:25:00.78     at Object.WebInspector.DOMModel._childNodeCountUpdated (chrome-devtools://devtools/bundled/inspector.js:4949:57)
12月 23, 2015 15:25:00.78     at Object.WebInspector.DOMDispatcher.childNodeCountUpdated (chrome-devtools://devtools/bundled/inspector.js:5032:17)
12月 23, 2015 15:25:00.78     at Object.InspectorBackendClass.DispatcherPrototype.dispatch (chrome-devtools://devtools/bundled/inspector.js:3971:63)
12月 23, 2015 15:25:00.78     at Object.InspectorBackendClass.Connection.dispatch (chrome-devtools://devtools/bundled/inspector.js:3882:31)
12月 23, 2015 15:25:00.78     at Object.InspectorBackendClass.MainConnection._dispatchMessage (chrome-devtools://devtools/bundled/inspector.js:3903:7)
12月 23, 2015 15:25:00.78     at Object.WebInspector.Object.dispatchEventToListeners (chrome-devtools://devtools/bundled/inspector.js:750:185)
12月 23, 2015 15:25:00.78     at innerDispatch (chrome-devtools://devtools/bundled/inspector.js:1394:58)
12月 23, 2015 15:25:00.78     at Object.InspectorFrontendAPIImpl._dispatch (chrome-devtools://devtools/bundled/inspector.js:1393:1)
12月 23, 2015 15:25:00.78     at Object.DevToolsAPIImpl._dispatchOnInspectorFrontendAPI (<anonymous>:61:21)
12月 23, 2015 15:25:00.78     at Object.DevToolsAPIImpl.dispatchMessage (<anonymous>:128:14)", source: chrome-devtools://devtools/bundled/inspector.js (1394)
12月 23, 2015 15:25:00.78 [7108:520:1223/152500:ERROR:CONSOLE(1394)] "TypeError: Cannot set property '_childNodeCount' of undefined TypeError: Cannot set property '_childNodeCount' of undefined
12月 23, 2015 15:25:00.78     at Object.WebInspector.DOMModel._childNodeCountUpdated (chrome-devtools://devtools/bundled/inspector.js:4949:57)
12月 23, 2015 15:25:00.78     at Object.WebInspector.DOMDispatcher.childNodeCountUpdated (chrome-devtools://devtools/bundled/inspector.js:5032:17)
12月 23, 2015 15:25:00.78     at Object.InspectorBackendClass.DispatcherPrototype.dispatch (chrome-devtools://devtools/bundled/inspector.js:3971:63)
12月 23, 2015 15:25:00.78     at Object.InspectorBackendClass.Connection.dispatch (chrome-devtools://devtools/bundled/inspector.js:3882:31)
12月 23, 2015 15:25:00.78     at Object.InspectorBackendClass.MainConnection._dispatchMessage (chrome-devtools://devtools/bundled/inspector.js:3903:7)
12月 23, 2015 15:25:00.78     at Object.WebInspector.Object.dispatchEventToListeners (chrome-devtools://devtools/bundled/inspector.js:750:185)
12月 23, 2015 15:25:00.78     at innerDispatch (chrome-devtools://devtools/bundled/inspector.js:1394:58)
12月 23, 2015 15:25:00.78     at Object.InspectorFrontendAPIImpl._dispatch (chrome-devtools://devtools/bundled/inspector.js:1393:1)
12月 23, 2015 15:25:00.78     at Object.DevToolsAPIImpl._dispatchOnInspectorFrontendAPI (<anonymous>:61:21)
12月 23, 2015 15:25:00.78     at Object.DevToolsAPIImpl.dispatchMessage (<anonymous>:128:14)", source: chrome-devtools://devtools/bundled/inspector.js (1394)
12月 23, 2015 15:25:00.78 [7108:520:1223/152500:ERROR:CONSOLE(1394)] "TypeError: Cannot set property '_childNodeCount' of undefined TypeError: Cannot set property '_childNodeCount' of undefined
12月 23, 2015 15:25:00.78     at Object.WebInspector.DOMModel._childNodeCountUpdated (chrome-devtools://devtools/bundled/inspector.js:4949:57)
12月 23, 2015 15:25:00.78     at Object.WebInspector.DOMDispatcher.childNodeCountUpdated (chrome-devtools://devtools/bundled/inspector.js:5032:17)
12月 23, 2015 15:25:00.79     at Object.InspectorBackendClass.DispatcherPrototype.dispatch (chrome-devtools://devtools/bundled/inspector.js:3971:63)
12月 23, 2015 15:25:00.79     at Object.InspectorBackendClass.Connection.dispatch (chrome-devtools://devtools/bundled/inspector.js:3882:31)
12月 23, 2015 15:25:00.79     at Object.InspectorBackendClass.MainConnection._dispatchMessage (chrome-devtools://devtools/bundled/inspector.js:3903:7)
12月 23, 2015 15:25:00.79     at Object.WebInspector.Object.dispatchEventToListeners (chrome-devtools://devtools/bundled/inspector.js:750:185)
12月 23, 2015 15:25:00.79     at innerDispatch (chrome-devtools://devtools/bundled/inspector.js:1394:58)
12月 23, 2015 15:25:00.79     at Object.InspectorFrontendAPIImpl._dispatch (chrome-devtools://devtools/bundled/inspector.js:1393:1)
12月 23, 2015 15:25:00.79     at Object.DevToolsAPIImpl._dispatchOnInspectorFrontendAPI (<anonymous>:61:21)
12月 23, 2015 15:25:00.79     at Object.DevToolsAPIImpl.dispatchMessage (<anonymous>:128:14)", source: chrome-devtools://devtools/bundled/inspector.js (1394)
12月 23, 2015 15:25:00.79 [7108:520:1223/152500:ERROR:CONSOLE(1394)] "TypeError: Cannot set property '_childNodeCount' of undefined TypeError: Cannot set property '_childNodeCount' of undefined
12月 23, 2015 15:25:00.79     at Object.WebInspector.DOMModel._childNodeCountUpdated (chrome-devtools://devtools/bundled/inspector.js:4949:57)
12月 23, 2015 15:25:00.79     at Object.WebInspector.DOMDispatcher.childNodeCountUpdated (chrome-devtools://devtools/bundled/inspector.js:5032:17)
12月 23, 2015 15:25:00.79     at Object.InspectorBackendClass.DispatcherPrototype.dispatch (chrome-devtools://devtools/bundled/inspector.js:3971:63)
12月 23, 2015 15:25:00.79     at Object.InspectorBackendClass.Connection.dispatch (chrome-devtools://devtools/bundled/inspector.js:3882:31)
12月 23, 2015 15:25:00.79     at Object.InspectorBackendClass.MainConnection._dispatchMessage (chrome-devtools://devtools/bundled/inspector.js:3903:7)
12月 23, 2015 15:25:00.79     at Object.WebInspector.Object.dispatchEventToListeners (chrome-devtools://devtools/bundled/inspector.js:750:185)
12月 23, 2015 15:25:00.79     at innerDispatch (chrome-devtools://devtools/bundled/inspector.js:1394:58)
12月 23, 2015 15:25:00.79     at Object.InspectorFrontendAPIImpl._dispatch (chrome-devtools://devtools/bundled/inspector.js:1393:1)
12月 23, 2015 15:25:00.79     at Object.DevToolsAPIImpl._dispatchOnInspectorFrontendAPI (<anonymous>:61:21)
12月 23, 2015 15:25:00.79     at Object.DevToolsAPIImpl.dispatchMessage (<anonymous>:128:14)", source: chrome-devtools://devtools/bundled/inspector.js (1394)
12月 23, 2015 15:25:00.79 [7108:520:1223/152500:ERROR:CONSOLE(1394)] "TypeError: Cannot set property '_childNodeCount' of undefined TypeError: Cannot set property '_childNodeCount' of undefined
12月 23, 2015 15:25:00.79     at Object.WebInspector.DOMModel._childNodeCountUpdated (chrome-devtools://devtools/bundled/inspector.js:4949:57)
12月 23, 2015 15:25:00.79     at Object.WebInspector.DOMDispatcher.childNodeCountUpdated (chrome-devtools://devtools/bundled/inspector.js:5032:17)
12月 23, 2015 15:25:00.79     at Object.InspectorBackendClass.DispatcherPrototype.dispatch (chrome-devtools://devtools/bundled/inspector.js:3971:63)
12月 23, 2015 15:25:00.79     at Object.InspectorBackendClass.Connection.dispatch (chrome-devtools://devtools/bundled/inspector.js:3882:31)
12月 23, 2015 15:25:00.79     at Object.InspectorBackendClass.MainConnection._dispatchMessage (chrome-devtools://devtools/bundled/inspector.js:3903:7)
12月 23, 2015 15:25:00.79     at Object.WebInspector.Object.dispatchEventToListeners (chrome-devtools://devtools/bundled/inspector.js:750:185)
12月 23, 2015 15:25:00.79     at innerDispatch (chrome-devtools://devtools/bundled/inspector.js:1394:58)
12月 23, 2015 15:25:00.80     at Object.InspectorFrontendAPIImpl._dispatch (chrome-devtools://devtools/bundled/inspector.js:1393:1)
12月 23, 2015 15:25:00.80     at Object.DevToolsAPIImpl._dispatchOnInspectorFrontendAPI (<anonymous>:61:21)
12月 23, 2015 15:25:00.80     at Object.DevToolsAPIImpl.dispatchMessage (<anonymous>:128:14)", source: chrome-devtools://devtools/bundled/inspector.js (1394)
12月 23, 2015 15:25:00.80 [7108:520:1223/152500:ERROR:CONSOLE(1394)] "TypeError: Cannot set property '_childNodeCount' of undefined TypeError: Cannot set property '_childNodeCount' of undefined
12月 23, 2015 15:25:00.80     at Object.WebInspector.DOMModel._childNodeCountUpdated (chrome-devtools://devtools/bundled/inspector.js:4949:57)
12月 23, 2015 15:25:00.80     at Object.WebInspector.DOMDispatcher.childNodeCountUpdated (chrome-devtools://devtools/bundled/inspector.js:5032:17)
12月 23, 2015 15:25:00.80     at Object.InspectorBackendClass.DispatcherPrototype.dispatch (chrome-devtools://devtools/bundled/inspector.js:3971:63)
12月 23, 2015 15:25:00.80     at Object.InspectorBackendClass.Connection.dispatch (chrome-devtools://devtools/bundled/inspector.js:3882:31)
12月 23, 2015 15:25:00.80     at Object.InspectorBackendClass.MainConnection._dispatchMessage (chrome-devtools://devtools/bundled/inspector.js:3903:7)
12月 23, 2015 15:25:00.80     at Object.WebInspector.Object.dispatchEventToListeners (chrome-devtools://devtools/bundled/inspector.js:750:185)
12月 23, 2015 15:25:00.80     at innerDispatch (chrome-devtools://devtools/bundled/inspector.js:1394:58)
12月 23, 2015 15:25:00.80     at Object.InspectorFrontendAPIImpl._dispatch (chrome-devtools://devtools/bundled/inspector.js:1393:1)
12月 23, 2015 15:25:00.80     at Object.DevToolsAPIImpl._dispatchOnInspectorFrontendAPI (<anonymous>:61:21)
12月 23, 2015 15:25:00.80     at Object.DevToolsAPIImpl.dispatchMessage (<anonymous>:128:14)", source: chrome-devtools://devtools/bundled/inspector.js (1394)
12月 23, 2015 15:25:00.80 [7108:520:1223/152500:ERROR:CONSOLE(1394)] "TypeError: Cannot set property '_childNodeCount' of undefined TypeError: Cannot set property '_childNodeCount' of undefined
12月 23, 2015 15:25:00.80     at Object.WebInspector.DOMModel._childNodeCountUpdated (chrome-devtools://devtools/bundled/inspector.js:4949:57)
12月 23, 2015 15:25:00.80     at Object.WebInspector.DOMDispatcher.childNodeCountUpdated (chrome-devtools://devtools/bundled/inspector.js:5032:17)
12月 23, 2015 15:25:00.80     at Object.InspectorBackendClass.DispatcherPrototype.dispatch (chrome-devtools://devtools/bundled/inspector.js:3971:63)
12月 23, 2015 15:25:00.80     at Object.InspectorBackendClass.Connection.dispatch (chrome-devtools://devtools/bundled/inspector.js:3882:31)
12月 23, 2015 15:25:00.80     at Object.InspectorBackendClass.MainConnection._dispatchMessage (chrome-devtools://devtools/bundled/inspector.js:3903:7)
12月 23, 2015 15:25:00.80     at Object.WebInspector.Object.dispatchEventToListeners (chrome-devtools://devtools/bundled/inspector.js:750:185)
12月 23, 2015 15:25:00.81     at innerDispatch (chrome-devtools://devtools/bundled/inspector.js:1394:58)
12月 23, 2015 15:25:00.81     at Object.InspectorFrontendAPIImpl._dispatch (chrome-devtools://devtools/bundled/inspector.js:1393:1)
12月 23, 2015 15:25:00.81     at Object.DevToolsAPIImpl._dispatchOnInspectorFrontendAPI (<anonymous>:61:21)
12月 23, 2015 15:25:00.81     at Object.DevToolsAPIImpl.dispatchMessage (<anonymous>:128:14)", source: chrome-devtools://devtools/bundled/inspector.js (1394)
12月 23, 2015 15:25:00.81 [7108:520:1223/152500:ERROR:CONSOLE(1394)] "TypeError: Cannot set property '_childNodeCount' of undefined TypeError: Cannot set property '_childNodeCount' of undefined
12月 23, 2015 15:25:00.81     at Object.WebInspector.DOMModel._childNodeCountUpdated (chrome-devtools://devtools/bundled/inspector.js:4949:57)
12月 23, 2015 15:25:00.81     at Object.WebInspector.DOMDispatcher.childNodeCountUpdated (chrome-devtools://devtools/bundled/inspector.js:5032:17)
12月 23, 2015 15:25:00.81     at Object.InspectorBackendClass.DispatcherPrototype.dispatch (chrome-devtools://devtools/bundled/inspector.js:3971:63)
12月 23, 2015 15:25:00.81     at Object.InspectorBackendClass.Connection.dispatch (chrome-devtools://devtools/bundled/inspector.js:3882:31)
12月 23, 2015 15:25:00.81     at Object.InspectorBackendClass.MainConnection._dispatchMessage (chrome-devtools://devtools/bundled/inspector.js:3903:7)
12月 23, 2015 15:25:00.82     at Object.WebInspector.Object.dispatchEventToListeners (chrome-devtools://devtools/bundled/inspector.js:750:185)
12月 23, 2015 15:25:00.82     at innerDispatch (chrome-devtools://devtools/bundled/inspector.js:1394:58)
12月 23, 2015 15:25:00.82     at Object.InspectorFrontendAPIImpl._dispatch (chrome-devtools://devtools/bundled/inspector.js:1393:1)
12月 23, 2015 15:25:00.82     at Object.DevToolsAPIImpl._dispatchOnInspectorFrontendAPI (<anonymous>:61:21)
12月 23, 2015 15:25:00.82     at Object.DevToolsAPIImpl.dispatchMessage (<anonymous>:128:14)", source: chrome-devtools://devtools/bundled/inspector.js (1394)
12月 23, 2015 15:25:00.82 [7108:520:1223/152500:ERROR:CONSOLE(1394)] "TypeError: Cannot set property '_childNodeCount' of undefined TypeError: Cannot set property '_childNodeCount' of undefined
12月 23, 2015 15:25:00.82     at Object.WebInspector.DOMModel._childNodeCountUpdated (chrome-devtools://devtools/bundled/inspector.js:4949:57)
12月 23, 2015 15:25:00.82     at Object.WebInspector.DOMDispatcher.childNodeCountUpdated (chrome-devtools://devtools/bundled/inspector.js:5032:17)
12月 23, 2015 15:25:00.83     at Object.InspectorBackendClass.DispatcherPrototype.dispatch (chrome-devtools://devtools/bundled/inspector.js:3971:63)
12月 23, 2015 15:25:00.83     at Object.InspectorBackendClass.Connection.dispatch (chrome-devtools://devtools/bundled/inspector.js:3882:31)
12月 23, 2015 15:25:00.83     at Object.InspectorBackendClass.MainConnection._dispatchMessage (chrome-devtools://devtools/bundled/inspector.js:3903:7)
12月 23, 2015 15:25:00.83     at Object.WebInspector.Object.dispatchEventToListeners (chrome-devtools://devtools/bundled/inspector.js:750:185)
12月 23, 2015 15:25:00.83     at innerDispatch (chrome-devtools://devtools/bundled/inspector.js:1394:58)
12月 23, 2015 15:25:00.83     at Object.InspectorFrontendAPIImpl._dispatch (chrome-devtools://devtools/bundled/inspector.js:1393:1)
12月 23, 2015 15:25:00.83     at Object.DevToolsAPIImpl._dispatchOnInspectorFrontendAPI (<anonymous>:61:21)
12月 23, 2015 15:25:00.83     at Object.DevToolsAPIImpl.dispatchMessage (<anonymous>:128:14)", source: chrome-devtools://devtools/bundled/inspector.js (1394)
12月 23, 2015 15:25:00.83 [7108:520:1223/152500:ERROR:CONSOLE(1394)] "TypeError: Cannot set property '_childNodeCount' of undefined TypeError: Cannot set property '_childNodeCount' of undefined
12月 23, 2015 15:25:00.83     at Object.WebInspector.DOMModel._childNodeCountUpdated (chrome-devtools://devtools/bundled/inspector.js:4949:57)
12月 23, 2015 15:25:00.84     at Object.WebInspector.DOMDispatcher.childNodeCountUpdated (chrome-devtools://devtools/bundled/inspector.js:5032:17)
12月 23, 2015 15:25:00.84     at Object.InspectorBackendClass.DispatcherPrototype.dispatch (chrome-devtools://devtools/bundled/inspector.js:3971:63)
12月 23, 2015 15:25:00.84     at Object.InspectorBackendClass.Connection.dispatch (chrome-devtools://devtools/bundled/inspector.js:3882:31)
12月 23, 2015 15:25:00.84     at Object.InspectorBackendClass.MainConnection._dispatchMessage (chrome-devtools://devtools/bundled/inspector.js:3903:7)
12月 23, 2015 15:25:00.84     at Object.WebInspector.Object.dispatchEventToListeners (chrome-devtools://devtools/bundled/inspector.js:750:185)
12月 23, 2015 15:25:00.84     at innerDispatch (chrome-devtools://devtools/bundled/inspector.js:1394:58)
12月 23, 2015 15:25:00.84     at Object.InspectorFrontendAPIImpl._dispatch (chrome-devtools://devtools/bundled/inspector.js:1393:1)
12月 23, 2015 15:25:00.84     at Object.DevToolsAPIImpl._dispatchOnInspectorFrontendAPI (<anonymous>:61:21)
12月 23, 2015 15:25:00.84     at Object.DevToolsAPIImpl.dispatchMessage (<anonymous>:128:14)", source: chrome-devtools://devtools/bundled/inspector.js (1394)
12月 23, 2015 15:25:00.84 [7108:520:1223/152500:ERROR:CONSOLE(1394)] "TypeError: Cannot read property '_insertChild' of undefined TypeError: Cannot read property '_insertChild' of undefined
12月 23, 2015 15:25:00.84     at Object.WebInspector.DOMModel._childNodeInserted (chrome-devtools://devtools/bundled/inspector.js:4950:91)
12月 23, 2015 15:25:00.84     at Object.WebInspector.DOMDispatcher.childNodeInserted (chrome-devtools://devtools/bundled/inspector.js:5033:17)
12月 23, 2015 15:25:00.84     at Object.InspectorBackendClass.DispatcherPrototype.dispatch (chrome-devtools://devtools/bundled/inspector.js:3971:63)
12月 23, 2015 15:25:00.84     at Object.InspectorBackendClass.Connection.dispatch (chrome-devtools://devtools/bundled/inspector.js:3882:31)
12月 23, 2015 15:25:00.84     at Object.InspectorBackendClass.MainConnection._dispatchMessage (chrome-devtools://devtools/bundled/inspector.js:3903:7)
12月 23, 2015 15:25:00.84     at Object.WebInspector.Object.dispatchEventToListeners (chrome-devtools://devtools/bundled/inspector.js:750:185)
12月 23, 2015 15:25:00.84     at innerDispatch (chrome-devtools://devtools/bundled/inspector.js:1394:58)
12月 23, 2015 15:25:00.85     at Object.InspectorFrontendAPIImpl._dispatch (chrome-devtools://devtools/bundled/inspector.js:1393:1)
12月 23, 2015 15:25:00.85     at Object.DevToolsAPIImpl._dispatchOnInspectorFrontendAPI (<anonymous>:61:21)
12月 23, 2015 15:25:00.85     at Object.DevToolsAPIImpl.dispatchMessage (<anonymous>:128:14)", source: chrome-devtools://devtools/bundled/inspector.js (1394)
12月 23, 2015 15:25:00.85 [7108:520:1223/152500:ERROR:CONSOLE(1394)] "TypeError: Cannot read property '_removeChild' of undefined TypeError: Cannot read property '_removeChild' of undefined
12月 23, 2015 15:25:00.85     at Object.WebInspector.DOMModel._childNodeRemoved (chrome-devtools://devtools/bundled/inspector.js:4951:82)
12月 23, 2015 15:25:00.85     at Object.WebInspector.DOMDispatcher.childNodeRemoved (chrome-devtools://devtools/bundled/inspector.js:5034:17)
12月 23, 2015 15:25:00.85     at Object.InspectorBackendClass.DispatcherPrototype.dispatch (chrome-devtools://devtools/bundled/inspector.js:3971:63)
12月 23, 2015 15:25:00.85     at Object.InspectorBackendClass.Connection.dispatch (chrome-devtools://devtools/bundled/inspector.js:3882:31)
12月 23, 2015 15:25:00.85     at Object.InspectorBackendClass.MainConnection._dispatchMessage (chrome-devtools://devtools/bundled/inspector.js:3903:7)
12月 23, 2015 15:25:00.85     at Object.WebInspector.Object.dispatchEventToListeners (chrome-devtools://devtools/bundled/inspector.js:750:185)
12月 23, 2015 15:25:00.85     at innerDispatch (chrome-devtools://devtools/bundled/inspector.js:1394:58)
12月 23, 2015 15:25:00.85     at Object.InspectorFrontendAPIImpl._dispatch (chrome-devtools://devtools/bundled/inspector.js:1393:1)
12月 23, 2015 15:25:00.86     at Object.DevToolsAPIImpl._dispatchOnInspectorFrontendAPI (<anonymous>:61:21)
12月 23, 2015 15:25:00.86     at Object.DevToolsAPIImpl.dispatchMessage (<anonymous>:128:14)", source: chrome-devtools://devtools/bundled/inspector.js (1394)
12月 23, 2015 19:57:28.00 [7108:7084:1223/195727:ERROR:network_interfaces_win.cc(253)] GetAdaptersAddresses failed: 111
